#
# A fatal error has been detected by the Java Runtime Environment:
#
#  SIGSEGV (0xb) at pc=0x00007f0f2dc99361, pid=45365, tid=45365
#
# JRE version: OpenJDK Runtime Environment (11.0.25+9) (build 11.0.25+9-post-Ubuntu-1ubuntu122.04)
# Java VM: OpenJDK 64-Bit Server VM (11.0.25+9-post-Ubuntu-1ubuntu122.04, mixed mode, sharing, tiered, compressed oops, g1 gc, linux-amd64)
# Problematic frame:
# C  [libtorch_cpu.so+0xe32c361]  dnnl_primitive_execute+0x221
#
# Core dump will be written. Default location: Core dumps may be processed with "/usr/share/apport/apport -p%p -s%s -c%c -d%d -P%P -u%u -g%g -- %E" (or dumping to /app/core.45365)
#
# If you would like to submit a bug report, please visit:
#   https://bugs.launchpad.net/ubuntu/+source/openjdk-lts
# The crash happened outside the Java Virtual Machine in native code.
# See problematic frame for where to report the bug.
#

---------------  S U M M A R Y ------------

Command Line: -Dweka.packageManager.loadPackages=false -Djava.awt.headless=true 

Host: Intel(R) Xeon(R) CPU E5-1650 v3 @ 3.50GHz, 12 cores, 31G, Ubuntu 22.04.5 LTS
Time: Sat Nov 30 18:59:15 2024 UTC elapsed time: 407.679903 seconds (0d 0h 6m 47s)

---------------  T H R E A D  ---------------

Current thread (0x0000560c595be800):  JavaThread "Thread-0" daemon [_thread_in_native, id=45365, stack(0x00007ffea0c02000,0x00007ffea0d02000)]

Stack: [0x00007ffea0c02000,0x00007ffea0d02000],  sp=0x00007ffea0cf76a0,  free space=981k
Native frames: (J=compiled Java code, A=aot compiled Java code, j=interpreted, Vv=VM code, C=native code)
C  [libtorch_cpu.so+0xe32c361]  dnnl_primitive_execute+0x221


siginfo: si_signo: 11 (SIGSEGV), si_code: 1 (SEGV_MAPERR), si_addr: 0x000056093844e218

Register to memory mapping:

RAX=0x000056093844e1f0 is an unknown value
RBX=0x00007ffea0cf76d0 is pointing into the stack for thread: 0x0000560c595be800
RCX=0x0 is NULL
RDX=0x00007f0f2dc99c90: <offset 0x000000000e32cc90> in /usr/local/lib/python3.10/dist-packages/torch/lib/libtorch_cpu.so at 0x00007f0f1f96d000
RSP=0x00007ffea0cf76a0 is pointing into the stack for thread: 0x0000560c595be800
RBP=0x0000560c57bf0b40 points into unknown readable memory: 0x0000560c58800c80 | 80 0c 80 58 0c 56 00 00
RSI=0x0000560c5019e010 points into unknown readable memory: 0x0006000600030005 | 05 00 03 00 06 00 06 00
RDI=0x00007f0f3381f0b8: <offset 0x0000000013eb20b8> in /usr/local/lib/python3.10/dist-packages/torch/lib/libtorch_cpu.so at 0x00007f0f1f96d000
R8 =0x0000560c59b3cf70 points into unknown readable memory: 0x0000000000000000 | 00 00 00 00 00 00 00 00
R9 =0x0 is NULL
R10=0x00007ffea0cf74ac is pointing into the stack for thread: 0x0000560c595be800
R11=0xe83345c28d12f4d1 is an unknown value
R12=0x0000560c59854540 points into unknown readable memory: 0x000000017f3f5e01 | 01 5e 3f 7f 01 00 00 00
R13=0x0 is NULL
R14=0x00007ffea0cf7750 is pointing into the stack for thread: 0x0000560c595be800
R15=0x00007ffea0cf76a0 is pointing into the stack for thread: 0x0000560c595be800


Registers:
RAX=0x000056093844e1f0, RBX=0x00007ffea0cf76d0, RCX=0x0000000000000000, RDX=0x00007f0f2dc99c90
RSP=0x00007ffea0cf76a0, RBP=0x0000560c57bf0b40, RSI=0x0000560c5019e010, RDI=0x00007f0f3381f0b8
R8 =0x0000560c59b3cf70, R9 =0x0000000000000000, R10=0x00007ffea0cf74ac, R11=0xe83345c28d12f4d1
R12=0x0000560c59854540, R13=0x0000000000000000, R14=0x00007ffea0cf7750, R15=0x00007ffea0cf76a0
RIP=0x00007f0f2dc99361, EFLAGS=0x0000000000010202, CSGSFS=0x002b000000000033, ERR=0x0000000000000004
  TRAPNO=0x000000000000000e

Top of Stack: (sp=0x00007ffea0cf76a0)
0x00007ffea0cf76a0:   00007ffea0cf76d0 0000000000000001
0x00007ffea0cf76b0:   0000000000000000 0000000000000000
0x00007ffea0cf76c0:   0000560c3f800000 0000000000000000
0x00007ffea0cf76d0:   0000000000000000 0000560c587f8d30 

Instructions: (pc=0x00007f0f2dc99361)
0x00007f0f2dc99261:   8b 44 24 10 48 8b 54 24 18 48 c7 44 24 78 00 00
0x00007f0f2dc99271:   00 00 66 0f 6f 4c 24 20 48 89 4c 24 48 48 89 74
0x00007f0f2dc99281:   24 50 48 89 44 24 58 48 89 54 24 60 0f 11 4c 24
0x00007f0f2dc99291:   68 48 39 d9 0f 84 25 02 00 00 48 85 c0 74 12 48
0x00007f0f2dc992a1:   63 40 08 31 d2 48 f7 f6 48 8d 44 24 58 48 89 04
0x00007f0f2dc992b1:   d1 66 0f ef c0 48 8d 74 24 40 4c 89 e7 48 89 1c
0x00007f0f2dc992c1:   24 4c 8d b4 24 b0 00 00 00 48 c7 44 24 28 00 00
0x00007f0f2dc992d1:   00 00 48 c7 44 24 08 01 00 00 00 48 c7 44 24 30
0x00007f0f2dc992e1:   00 00 00 00 48 c7 44 24 10 00 00 00 00 48 c7 44
0x00007f0f2dc992f1:   24 18 00 00 00 00 4c 89 b4 24 80 00 00 00 48 c7
0x00007f0f2dc99301:   84 24 88 00 00 00 01 00 00 00 48 c7 84 24 90 00
0x00007f0f2dc99311:   00 00 00 00 00 00 48 c7 84 24 98 00 00 00 00 00
0x00007f0f2dc99321:   00 00 c7 84 24 a0 00 00 00 00 00 80 3f 48 c7 84
0x00007f0f2dc99331:   24 a8 00 00 00 00 00 00 00 48 c7 84 24 c0 00 00
0x00007f0f2dc99341:   00 00 00 00 00 0f 29 84 24 b0 00 00 00 e8 dd eb
0x00007f0f2dc99351:   ff ff 41 89 c5 48 8b 45 00 48 8d 15 2f 09 00 00
0x00007f0f2dc99361:   48 8b 40 28 48 39 d0 0f 85 42 01 00 00 48 8b ac
0x00007f0f2dc99371:   24 90 00 00 00 48 85 ed 74 16 0f 1f 44 00 00 48
0x00007f0f2dc99381:   89 ef 48 8b 6d 00 e8 d4 56 c9 f2 48 85 ed 75 ef
0x00007f0f2dc99391:   48 8b 84 24 88 00 00 00 48 8b bc 24 80 00 00 00
0x00007f0f2dc993a1:   31 f6 48 8d 14 c5 00 00 00 00 e8 30 04 c9 f2 48
0x00007f0f2dc993b1:   8b bc 24 80 00 00 00 48 c7 84 24 98 00 00 00 00
0x00007f0f2dc993c1:   00 00 00 48 c7 84 24 90 00 00 00 00 00 00 00 4c
0x00007f0f2dc993d1:   39 f7 74 05 e8 86 56 c9 f2 48 8b 6c 24 58 48 85
0x00007f0f2dc993e1:   ed 74 15 0f 1f 40 00 48 89 ef 48 8b 6d 00 e8 6c
0x00007f0f2dc993f1:   56 c9 f2 48 85 ed 75 ef 48 8b 44 24 50 48 8b 7c
0x00007f0f2dc99401:   24 48 31 f6 48 8d 14 c5 00 00 00 00 e8 ce 03 c9
0x00007f0f2dc99411:   f2 48 8b 7c 24 48 48 8d 44 24 78 48 c7 44 24 60
0x00007f0f2dc99421:   00 00 00 00 48 c7 44 24 58 00 00 00 00 48 39 c7
0x00007f0f2dc99431:   74 05 e8 28 56 c9 f2 48 8b 6c 24 10 48 85 ed 74
0x00007f0f2dc99441:   17 66 0f 1f 44 00 00 48 89 ef 48 8b 6d 00 e8 0c
0x00007f0f2dc99451:   56 c9 f2 48 85 ed 75 ef 48 8b 44 24 08 48 8b 3c 


Stack slot to memory mapping:
stack at sp + 0 slots: 0x00007ffea0cf76d0 is pointing into the stack for thread: 0x0000560c595be800
stack at sp + 1 slots: 0x0000000000000001 is an unknown value
stack at sp + 2 slots: 0x0 is NULL
stack at sp + 3 slots: 0x0 is NULL
stack at sp + 4 slots: 0x0000560c3f800000 is an unknown value
stack at sp + 5 slots: 0x0 is NULL
stack at sp + 6 slots: 0x0 is NULL
stack at sp + 7 slots: 0x0000560c587f8d30 points into unknown readable memory: 0x00007f0f336ca588 | 88 a5 6c 33 0f 7f 00 00


---------------  P R O C E S S  ---------------

Threads class SMR info:
_java_thread_list=0x00007f0d88000df0, length=11, elements={
0x00007f0e08014800, 0x00007f0e097b8800, 0x00007f0e097ba800, 0x00007f0e097bf000,
0x00007f0e097c1800, 0x00007f0e097c3800, 0x00007f0e097c6000, 0x00007f0e097c8000,
0x0000560c595be800, 0x0000560c595c0000, 0x00007f0db0001800
}

Java Threads: ( => current thread )
  0x00007f0e08014800 JavaThread "main" [_thread_in_native, id=45619, stack(0x00007f0e0d9b5000,0x00007f0e0e1b5000)]
  0x00007f0e097b8800 JavaThread "Reference Handler" daemon [_thread_blocked, id=45626, stack(0x00007f0df06c6000,0x00007f0df07c6000)]
  0x00007f0e097ba800 JavaThread "Finalizer" daemon [_thread_blocked, id=45627, stack(0x00007f0df05c6000,0x00007f0df06c6000)]
  0x00007f0e097bf000 JavaThread "Signal Dispatcher" daemon [_thread_blocked, id=45628, stack(0x00007f0df04c6000,0x00007f0df05c6000)]
  0x00007f0e097c1800 JavaThread "Service Thread" daemon [_thread_blocked, id=45629, stack(0x00007f0df03c6000,0x00007f0df04c6000)]
  0x00007f0e097c3800 JavaThread "C2 CompilerThread0" daemon [_thread_blocked, id=45630, stack(0x00007f0df02c6000,0x00007f0df03c6000)]
  0x00007f0e097c6000 JavaThread "C1 CompilerThread0" daemon [_thread_blocked, id=45631, stack(0x00007f0df01c6000,0x00007f0df02c6000)]
  0x00007f0e097c8000 JavaThread "Sweeper thread" daemon [_thread_blocked, id=45632, stack(0x00007f0df00c6000,0x00007f0df01c6000)]
=>0x0000560c595be800 JavaThread "Thread-0" daemon [_thread_in_native, id=45365, stack(0x00007ffea0c02000,0x00007ffea0d02000)]
  0x0000560c595c0000 JavaThread "Common-Cleaner" daemon [_thread_blocked, id=45634, stack(0x00007f0dd849b000,0x00007f0dd859b000)]
  0x00007f0db0001800 JavaThread "SIGINT handler" daemon [_thread_blocked, id=49748, stack(0x00007f0dd839b000,0x00007f0dd849b000)]

Other Threads:
  0x00007f0e097b5800 VMThread "VM Thread" [stack: 0x00007f0e0c0e7000,0x00007f0e0c1e7000] [id=45625]
  0x00007f0e0802d000 GCTaskThread "GC Thread#0" [stack: 0x00007f0e0d690000,0x00007f0e0d790000] [id=45620]
  0x00007f0e08aa6800 ConcurrentGCThread "G1 Main Marker" [stack: 0x00007f0e0c4eb000,0x00007f0e0c5eb000] [id=45621]
  0x00007f0e08aa8800 ConcurrentGCThread "G1 Conc#0" [stack: 0x00007f0e0c3ea000,0x00007f0e0c4ea000] [id=45622]
  0x00007f0e09634000 ConcurrentGCThread "G1 Refine#0" [stack: 0x00007f0e0c2e9000,0x00007f0e0c3e9000] [id=45623]
  0x00007f0e09636000 ConcurrentGCThread "G1 Young RemSet Sampling" [stack: 0x00007f0e0c1e8000,0x00007f0e0c2e8000] [id=45624]

Threads with active compile tasks:

VM state:at safepoint (shutting down)

VM Mutex/Monitor currently owned by a thread:  ([mutex/lock_event])
[0x00007f0e080126f0] Threads_lock - owner thread: 0x00007f0e097b5800

Heap address: 0x000000060bc00000, size: 8004 MB, Compressed Oops mode: Zero based, Oop shift amount: 3
Narrow klass base: 0x0000000800000000, Narrow klass shift: 3
Compressed class space size: 1073741824 Address: 0x0000000840000000

Heap:
 garbage-first heap   total 518144K, used 19152K [0x000000060bc00000, 0x0000000800000000)
  region size 2048K, 11 young (22528K), 0 survivors (0K)
 Metaspace       used 3117K, capacity 5829K, committed 6016K, reserved 1056768K
  class space    used 292K, capacity 565K, committed 640K, reserved 1048576K
Heap Regions: E=young(eden), S=young(survivor), O=old, HS=humongous(starts), HC=humongous(continues), CS=collection set, F=free, A=archive, TAMS=top-at-mark-start (previous, next)
|   0|0x000000060bc00000, 0x000000060bc00000, 0x000000060be00000|  0%| F|  |TAMS 0x000000060bc00000, 0x000000060bc00000| Untracked 
|   1|0x000000060be00000, 0x000000060be00000, 0x000000060c000000|  0%| F|  |TAMS 0x000000060be00000, 0x000000060be00000| Untracked 
|   2|0x000000060c000000, 0x000000060c000000, 0x000000060c200000|  0%| F|  |TAMS 0x000000060c000000, 0x000000060c000000| Untracked 
|   3|0x000000060c200000, 0x000000060c200000, 0x000000060c400000|  0%| F|  |TAMS 0x000000060c200000, 0x000000060c200000| Untracked 
|   4|0x000000060c400000, 0x000000060c400000, 0x000000060c600000|  0%| F|  |TAMS 0x000000060c400000, 0x000000060c400000| Untracked 
|   5|0x000000060c600000, 0x000000060c600000, 0x000000060c800000|  0%| F|  |TAMS 0x000000060c600000, 0x000000060c600000| Untracked 
|   6|0x000000060c800000, 0x000000060c800000, 0x000000060ca00000|  0%| F|  |TAMS 0x000000060c800000, 0x000000060c800000| Untracked 
|   7|0x000000060ca00000, 0x000000060ca00000, 0x000000060cc00000|  0%| F|  |TAMS 0x000000060ca00000, 0x000000060ca00000| Untracked 
|   8|0x000000060cc00000, 0x000000060cc00000, 0x000000060ce00000|  0%| F|  |TAMS 0x000000060cc00000, 0x000000060cc00000| Untracked 
|   9|0x000000060ce00000, 0x000000060ce00000, 0x000000060d000000|  0%| F|  |TAMS 0x000000060ce00000, 0x000000060ce00000| Untracked 
|  10|0x000000060d000000, 0x000000060d000000, 0x000000060d200000|  0%| F|  |TAMS 0x000000060d000000, 0x000000060d000000| Untracked 
|  11|0x000000060d200000, 0x000000060d200000, 0x000000060d400000|  0%| F|  |TAMS 0x000000060d200000, 0x000000060d200000| Untracked 
|  12|0x000000060d400000, 0x000000060d400000, 0x000000060d600000|  0%| F|  |TAMS 0x000000060d400000, 0x000000060d400000| Untracked 
|  13|0x000000060d600000, 0x000000060d600000, 0x000000060d800000|  0%| F|  |TAMS 0x000000060d600000, 0x000000060d600000| Untracked 
|  14|0x000000060d800000, 0x000000060d800000, 0x000000060da00000|  0%| F|  |TAMS 0x000000060d800000, 0x000000060d800000| Untracked 
|  15|0x000000060da00000, 0x000000060da00000, 0x000000060dc00000|  0%| F|  |TAMS 0x000000060da00000, 0x000000060da00000| Untracked 
|  16|0x000000060dc00000, 0x000000060dc00000, 0x000000060de00000|  0%| F|  |TAMS 0x000000060dc00000, 0x000000060dc00000| Untracked 
|  17|0x000000060de00000, 0x000000060de00000, 0x000000060e000000|  0%| F|  |TAMS 0x000000060de00000, 0x000000060de00000| Untracked 
|  18|0x000000060e000000, 0x000000060e000000, 0x000000060e200000|  0%| F|  |TAMS 0x000000060e000000, 0x000000060e000000| Untracked 
|  19|0x000000060e200000, 0x000000060e200000, 0x000000060e400000|  0%| F|  |TAMS 0x000000060e200000, 0x000000060e200000| Untracked 
|  20|0x000000060e400000, 0x000000060e400000, 0x000000060e600000|  0%| F|  |TAMS 0x000000060e400000, 0x000000060e400000| Untracked 
|  21|0x000000060e600000, 0x000000060e600000, 0x000000060e800000|  0%| F|  |TAMS 0x000000060e600000, 0x000000060e600000| Untracked 
|  22|0x000000060e800000, 0x000000060e800000, 0x000000060ea00000|  0%| F|  |TAMS 0x000000060e800000, 0x000000060e800000| Untracked 
|  23|0x000000060ea00000, 0x000000060ea00000, 0x000000060ec00000|  0%| F|  |TAMS 0x000000060ea00000, 0x000000060ea00000| Untracked 
|  24|0x000000060ec00000, 0x000000060ec00000, 0x000000060ee00000|  0%| F|  |TAMS 0x000000060ec00000, 0x000000060ec00000| Untracked 
|  25|0x000000060ee00000, 0x000000060ee00000, 0x000000060f000000|  0%| F|  |TAMS 0x000000060ee00000, 0x000000060ee00000| Untracked 
|  26|0x000000060f000000, 0x000000060f000000, 0x000000060f200000|  0%| F|  |TAMS 0x000000060f000000, 0x000000060f000000| Untracked 
|  27|0x000000060f200000, 0x000000060f200000, 0x000000060f400000|  0%| F|  |TAMS 0x000000060f200000, 0x000000060f200000| Untracked 
|  28|0x000000060f400000, 0x000000060f400000, 0x000000060f600000|  0%| F|  |TAMS 0x000000060f400000, 0x000000060f400000| Untracked 
|  29|0x000000060f600000, 0x000000060f600000, 0x000000060f800000|  0%| F|  |TAMS 0x000000060f600000, 0x000000060f600000| Untracked 
|  30|0x000000060f800000, 0x000000060f800000, 0x000000060fa00000|  0%| F|  |TAMS 0x000000060f800000, 0x000000060f800000| Untracked 
|  31|0x000000060fa00000, 0x000000060fa00000, 0x000000060fc00000|  0%| F|  |TAMS 0x000000060fa00000, 0x000000060fa00000| Untracked 
|  32|0x000000060fc00000, 0x000000060fc00000, 0x000000060fe00000|  0%| F|  |TAMS 0x000000060fc00000, 0x000000060fc00000| Untracked 
|  33|0x000000060fe00000, 0x000000060fe00000, 0x0000000610000000|  0%| F|  |TAMS 0x000000060fe00000, 0x000000060fe00000| Untracked 
|  34|0x0000000610000000, 0x0000000610000000, 0x0000000610200000|  0%| F|  |TAMS 0x0000000610000000, 0x0000000610000000| Untracked 
|  35|0x0000000610200000, 0x0000000610200000, 0x0000000610400000|  0%| F|  |TAMS 0x0000000610200000, 0x0000000610200000| Untracked 
|  36|0x0000000610400000, 0x0000000610400000, 0x0000000610600000|  0%| F|  |TAMS 0x0000000610400000, 0x0000000610400000| Untracked 
|  37|0x0000000610600000, 0x0000000610600000, 0x0000000610800000|  0%| F|  |TAMS 0x0000000610600000, 0x0000000610600000| Untracked 
|  38|0x0000000610800000, 0x0000000610800000, 0x0000000610a00000|  0%| F|  |TAMS 0x0000000610800000, 0x0000000610800000| Untracked 
|  39|0x0000000610a00000, 0x0000000610a00000, 0x0000000610c00000|  0%| F|  |TAMS 0x0000000610a00000, 0x0000000610a00000| Untracked 
|  40|0x0000000610c00000, 0x0000000610c00000, 0x0000000610e00000|  0%| F|  |TAMS 0x0000000610c00000, 0x0000000610c00000| Untracked 
|  41|0x0000000610e00000, 0x0000000610e00000, 0x0000000611000000|  0%| F|  |TAMS 0x0000000610e00000, 0x0000000610e00000| Untracked 
|  42|0x0000000611000000, 0x0000000611000000, 0x0000000611200000|  0%| F|  |TAMS 0x0000000611000000, 0x0000000611000000| Untracked 
|  43|0x0000000611200000, 0x0000000611200000, 0x0000000611400000|  0%| F|  |TAMS 0x0000000611200000, 0x0000000611200000| Untracked 
|  44|0x0000000611400000, 0x0000000611400000, 0x0000000611600000|  0%| F|  |TAMS 0x0000000611400000, 0x0000000611400000| Untracked 
|  45|0x0000000611600000, 0x0000000611600000, 0x0000000611800000|  0%| F|  |TAMS 0x0000000611600000, 0x0000000611600000| Untracked 
|  46|0x0000000611800000, 0x0000000611800000, 0x0000000611a00000|  0%| F|  |TAMS 0x0000000611800000, 0x0000000611800000| Untracked 
|  47|0x0000000611a00000, 0x0000000611a00000, 0x0000000611c00000|  0%| F|  |TAMS 0x0000000611a00000, 0x0000000611a00000| Untracked 
|  48|0x0000000611c00000, 0x0000000611c00000, 0x0000000611e00000|  0%| F|  |TAMS 0x0000000611c00000, 0x0000000611c00000| Untracked 
|  49|0x0000000611e00000, 0x0000000611e00000, 0x0000000612000000|  0%| F|  |TAMS 0x0000000611e00000, 0x0000000611e00000| Untracked 
|  50|0x0000000612000000, 0x0000000612000000, 0x0000000612200000|  0%| F|  |TAMS 0x0000000612000000, 0x0000000612000000| Untracked 
|  51|0x0000000612200000, 0x0000000612200000, 0x0000000612400000|  0%| F|  |TAMS 0x0000000612200000, 0x0000000612200000| Untracked 
|  52|0x0000000612400000, 0x0000000612400000, 0x0000000612600000|  0%| F|  |TAMS 0x0000000612400000, 0x0000000612400000| Untracked 
|  53|0x0000000612600000, 0x0000000612600000, 0x0000000612800000|  0%| F|  |TAMS 0x0000000612600000, 0x0000000612600000| Untracked 
|  54|0x0000000612800000, 0x0000000612800000, 0x0000000612a00000|  0%| F|  |TAMS 0x0000000612800000, 0x0000000612800000| Untracked 
|  55|0x0000000612a00000, 0x0000000612a00000, 0x0000000612c00000|  0%| F|  |TAMS 0x0000000612a00000, 0x0000000612a00000| Untracked 
|  56|0x0000000612c00000, 0x0000000612c00000, 0x0000000612e00000|  0%| F|  |TAMS 0x0000000612c00000, 0x0000000612c00000| Untracked 
|  57|0x0000000612e00000, 0x0000000612e00000, 0x0000000613000000|  0%| F|  |TAMS 0x0000000612e00000, 0x0000000612e00000| Untracked 
|  58|0x0000000613000000, 0x0000000613000000, 0x0000000613200000|  0%| F|  |TAMS 0x0000000613000000, 0x0000000613000000| Untracked 
|  59|0x0000000613200000, 0x0000000613200000, 0x0000000613400000|  0%| F|  |TAMS 0x0000000613200000, 0x0000000613200000| Untracked 
|  60|0x0000000613400000, 0x0000000613400000, 0x0000000613600000|  0%| F|  |TAMS 0x0000000613400000, 0x0000000613400000| Untracked 
|  61|0x0000000613600000, 0x0000000613600000, 0x0000000613800000|  0%| F|  |TAMS 0x0000000613600000, 0x0000000613600000| Untracked 
|  62|0x0000000613800000, 0x0000000613800000, 0x0000000613a00000|  0%| F|  |TAMS 0x0000000613800000, 0x0000000613800000| Untracked 
|  63|0x0000000613a00000, 0x0000000613a00000, 0x0000000613c00000|  0%| F|  |TAMS 0x0000000613a00000, 0x0000000613a00000| Untracked 
|  64|0x0000000613c00000, 0x0000000613c00000, 0x0000000613e00000|  0%| F|  |TAMS 0x0000000613c00000, 0x0000000613c00000| Untracked 
|  65|0x0000000613e00000, 0x0000000613e00000, 0x0000000614000000|  0%| F|  |TAMS 0x0000000613e00000, 0x0000000613e00000| Untracked 
|  66|0x0000000614000000, 0x0000000614000000, 0x0000000614200000|  0%| F|  |TAMS 0x0000000614000000, 0x0000000614000000| Untracked 
|  67|0x0000000614200000, 0x0000000614200000, 0x0000000614400000|  0%| F|  |TAMS 0x0000000614200000, 0x0000000614200000| Untracked 
|  68|0x0000000614400000, 0x0000000614400000, 0x0000000614600000|  0%| F|  |TAMS 0x0000000614400000, 0x0000000614400000| Untracked 
|  69|0x0000000614600000, 0x0000000614600000, 0x0000000614800000|  0%| F|  |TAMS 0x0000000614600000, 0x0000000614600000| Untracked 
|  70|0x0000000614800000, 0x0000000614800000, 0x0000000614a00000|  0%| F|  |TAMS 0x0000000614800000, 0x0000000614800000| Untracked 
|  71|0x0000000614a00000, 0x0000000614a00000, 0x0000000614c00000|  0%| F|  |TAMS 0x0000000614a00000, 0x0000000614a00000| Untracked 
|  72|0x0000000614c00000, 0x0000000614c00000, 0x0000000614e00000|  0%| F|  |TAMS 0x0000000614c00000, 0x0000000614c00000| Untracked 
|  73|0x0000000614e00000, 0x0000000614e00000, 0x0000000615000000|  0%| F|  |TAMS 0x0000000614e00000, 0x0000000614e00000| Untracked 
|  74|0x0000000615000000, 0x0000000615000000, 0x0000000615200000|  0%| F|  |TAMS 0x0000000615000000, 0x0000000615000000| Untracked 
|  75|0x0000000615200000, 0x0000000615200000, 0x0000000615400000|  0%| F|  |TAMS 0x0000000615200000, 0x0000000615200000| Untracked 
|  76|0x0000000615400000, 0x0000000615400000, 0x0000000615600000|  0%| F|  |TAMS 0x0000000615400000, 0x0000000615400000| Untracked 
|  77|0x0000000615600000, 0x0000000615600000, 0x0000000615800000|  0%| F|  |TAMS 0x0000000615600000, 0x0000000615600000| Untracked 
|  78|0x0000000615800000, 0x0000000615800000, 0x0000000615a00000|  0%| F|  |TAMS 0x0000000615800000, 0x0000000615800000| Untracked 
|  79|0x0000000615a00000, 0x0000000615a00000, 0x0000000615c00000|  0%| F|  |TAMS 0x0000000615a00000, 0x0000000615a00000| Untracked 
|  80|0x0000000615c00000, 0x0000000615c00000, 0x0000000615e00000|  0%| F|  |TAMS 0x0000000615c00000, 0x0000000615c00000| Untracked 
|  81|0x0000000615e00000, 0x0000000615e00000, 0x0000000616000000|  0%| F|  |TAMS 0x0000000615e00000, 0x0000000615e00000| Untracked 
|  82|0x0000000616000000, 0x0000000616000000, 0x0000000616200000|  0%| F|  |TAMS 0x0000000616000000, 0x0000000616000000| Untracked 
|  83|0x0000000616200000, 0x0000000616200000, 0x0000000616400000|  0%| F|  |TAMS 0x0000000616200000, 0x0000000616200000| Untracked 
|  84|0x0000000616400000, 0x0000000616400000, 0x0000000616600000|  0%| F|  |TAMS 0x0000000616400000, 0x0000000616400000| Untracked 
|  85|0x0000000616600000, 0x0000000616600000, 0x0000000616800000|  0%| F|  |TAMS 0x0000000616600000, 0x0000000616600000| Untracked 
|  86|0x0000000616800000, 0x0000000616800000, 0x0000000616a00000|  0%| F|  |TAMS 0x0000000616800000, 0x0000000616800000| Untracked 
|  87|0x0000000616a00000, 0x0000000616a00000, 0x0000000616c00000|  0%| F|  |TAMS 0x0000000616a00000, 0x0000000616a00000| Untracked 
|  88|0x0000000616c00000, 0x0000000616c00000, 0x0000000616e00000|  0%| F|  |TAMS 0x0000000616c00000, 0x0000000616c00000| Untracked 
|  89|0x0000000616e00000, 0x0000000616e00000, 0x0000000617000000|  0%| F|  |TAMS 0x0000000616e00000, 0x0000000616e00000| Untracked 
|  90|0x0000000617000000, 0x0000000617000000, 0x0000000617200000|  0%| F|  |TAMS 0x0000000617000000, 0x0000000617000000| Untracked 
|  91|0x0000000617200000, 0x0000000617200000, 0x0000000617400000|  0%| F|  |TAMS 0x0000000617200000, 0x0000000617200000| Untracked 
|  92|0x0000000617400000, 0x0000000617400000, 0x0000000617600000|  0%| F|  |TAMS 0x0000000617400000, 0x0000000617400000| Untracked 
|  93|0x0000000617600000, 0x0000000617600000, 0x0000000617800000|  0%| F|  |TAMS 0x0000000617600000, 0x0000000617600000| Untracked 
|  94|0x0000000617800000, 0x0000000617800000, 0x0000000617a00000|  0%| F|  |TAMS 0x0000000617800000, 0x0000000617800000| Untracked 
|  95|0x0000000617a00000, 0x0000000617a00000, 0x0000000617c00000|  0%| F|  |TAMS 0x0000000617a00000, 0x0000000617a00000| Untracked 
|  96|0x0000000617c00000, 0x0000000617c00000, 0x0000000617e00000|  0%| F|  |TAMS 0x0000000617c00000, 0x0000000617c00000| Untracked 
|  97|0x0000000617e00000, 0x0000000617e00000, 0x0000000618000000|  0%| F|  |TAMS 0x0000000617e00000, 0x0000000617e00000| Untracked 
|  98|0x0000000618000000, 0x0000000618000000, 0x0000000618200000|  0%| F|  |TAMS 0x0000000618000000, 0x0000000618000000| Untracked 
|  99|0x0000000618200000, 0x0000000618200000, 0x0000000618400000|  0%| F|  |TAMS 0x0000000618200000, 0x0000000618200000| Untracked 
| 100|0x0000000618400000, 0x0000000618400000, 0x0000000618600000|  0%| F|  |TAMS 0x0000000618400000, 0x0000000618400000| Untracked 
| 101|0x0000000618600000, 0x0000000618600000, 0x0000000618800000|  0%| F|  |TAMS 0x0000000618600000, 0x0000000618600000| Untracked 
| 102|0x0000000618800000, 0x0000000618800000, 0x0000000618a00000|  0%| F|  |TAMS 0x0000000618800000, 0x0000000618800000| Untracked 
| 103|0x0000000618a00000, 0x0000000618a00000, 0x0000000618c00000|  0%| F|  |TAMS 0x0000000618a00000, 0x0000000618a00000| Untracked 
| 104|0x0000000618c00000, 0x0000000618c00000, 0x0000000618e00000|  0%| F|  |TAMS 0x0000000618c00000, 0x0000000618c00000| Untracked 
| 105|0x0000000618e00000, 0x0000000618e00000, 0x0000000619000000|  0%| F|  |TAMS 0x0000000618e00000, 0x0000000618e00000| Untracked 
| 106|0x0000000619000000, 0x0000000619000000, 0x0000000619200000|  0%| F|  |TAMS 0x0000000619000000, 0x0000000619000000| Untracked 
| 107|0x0000000619200000, 0x0000000619200000, 0x0000000619400000|  0%| F|  |TAMS 0x0000000619200000, 0x0000000619200000| Untracked 
| 108|0x0000000619400000, 0x0000000619400000, 0x0000000619600000|  0%| F|  |TAMS 0x0000000619400000, 0x0000000619400000| Untracked 
| 109|0x0000000619600000, 0x0000000619600000, 0x0000000619800000|  0%| F|  |TAMS 0x0000000619600000, 0x0000000619600000| Untracked 
| 110|0x0000000619800000, 0x0000000619800000, 0x0000000619a00000|  0%| F|  |TAMS 0x0000000619800000, 0x0000000619800000| Untracked 
| 111|0x0000000619a00000, 0x0000000619a00000, 0x0000000619c00000|  0%| F|  |TAMS 0x0000000619a00000, 0x0000000619a00000| Untracked 
| 112|0x0000000619c00000, 0x0000000619c00000, 0x0000000619e00000|  0%| F|  |TAMS 0x0000000619c00000, 0x0000000619c00000| Untracked 
| 113|0x0000000619e00000, 0x0000000619e00000, 0x000000061a000000|  0%| F|  |TAMS 0x0000000619e00000, 0x0000000619e00000| Untracked 
| 114|0x000000061a000000, 0x000000061a000000, 0x000000061a200000|  0%| F|  |TAMS 0x000000061a000000, 0x000000061a000000| Untracked 
| 115|0x000000061a200000, 0x000000061a200000, 0x000000061a400000|  0%| F|  |TAMS 0x000000061a200000, 0x000000061a200000| Untracked 
| 116|0x000000061a400000, 0x000000061a400000, 0x000000061a600000|  0%| F|  |TAMS 0x000000061a400000, 0x000000061a400000| Untracked 
| 117|0x000000061a600000, 0x000000061a600000, 0x000000061a800000|  0%| F|  |TAMS 0x000000061a600000, 0x000000061a600000| Untracked 
| 118|0x000000061a800000, 0x000000061a800000, 0x000000061aa00000|  0%| F|  |TAMS 0x000000061a800000, 0x000000061a800000| Untracked 
| 119|0x000000061aa00000, 0x000000061aa00000, 0x000000061ac00000|  0%| F|  |TAMS 0x000000061aa00000, 0x000000061aa00000| Untracked 
| 120|0x000000061ac00000, 0x000000061ac00000, 0x000000061ae00000|  0%| F|  |TAMS 0x000000061ac00000, 0x000000061ac00000| Untracked 
| 121|0x000000061ae00000, 0x000000061ae00000, 0x000000061b000000|  0%| F|  |TAMS 0x000000061ae00000, 0x000000061ae00000| Untracked 
| 122|0x000000061b000000, 0x000000061b000000, 0x000000061b200000|  0%| F|  |TAMS 0x000000061b000000, 0x000000061b000000| Untracked 
| 123|0x000000061b200000, 0x000000061b200000, 0x000000061b400000|  0%| F|  |TAMS 0x000000061b200000, 0x000000061b200000| Untracked 
| 124|0x000000061b400000, 0x000000061b400000, 0x000000061b600000|  0%| F|  |TAMS 0x000000061b400000, 0x000000061b400000| Untracked 
| 125|0x000000061b600000, 0x000000061b600000, 0x000000061b800000|  0%| F|  |TAMS 0x000000061b600000, 0x000000061b600000| Untracked 
| 126|0x000000061b800000, 0x000000061b800000, 0x000000061ba00000|  0%| F|  |TAMS 0x000000061b800000, 0x000000061b800000| Untracked 
| 127|0x000000061ba00000, 0x000000061ba00000, 0x000000061bc00000|  0%| F|  |TAMS 0x000000061ba00000, 0x000000061ba00000| Untracked 
| 128|0x000000061bc00000, 0x000000061bc00000, 0x000000061be00000|  0%| F|  |TAMS 0x000000061bc00000, 0x000000061bc00000| Untracked 
| 129|0x000000061be00000, 0x000000061be00000, 0x000000061c000000|  0%| F|  |TAMS 0x000000061be00000, 0x000000061be00000| Untracked 
| 130|0x000000061c000000, 0x000000061c000000, 0x000000061c200000|  0%| F|  |TAMS 0x000000061c000000, 0x000000061c000000| Untracked 
| 131|0x000000061c200000, 0x000000061c200000, 0x000000061c400000|  0%| F|  |TAMS 0x000000061c200000, 0x000000061c200000| Untracked 
| 132|0x000000061c400000, 0x000000061c400000, 0x000000061c600000|  0%| F|  |TAMS 0x000000061c400000, 0x000000061c400000| Untracked 
| 133|0x000000061c600000, 0x000000061c600000, 0x000000061c800000|  0%| F|  |TAMS 0x000000061c600000, 0x000000061c600000| Untracked 
| 134|0x000000061c800000, 0x000000061c800000, 0x000000061ca00000|  0%| F|  |TAMS 0x000000061c800000, 0x000000061c800000| Untracked 
| 135|0x000000061ca00000, 0x000000061ca00000, 0x000000061cc00000|  0%| F|  |TAMS 0x000000061ca00000, 0x000000061ca00000| Untracked 
| 136|0x000000061cc00000, 0x000000061cc00000, 0x000000061ce00000|  0%| F|  |TAMS 0x000000061cc00000, 0x000000061cc00000| Untracked 
| 137|0x000000061ce00000, 0x000000061ce00000, 0x000000061d000000|  0%| F|  |TAMS 0x000000061ce00000, 0x000000061ce00000| Untracked 
| 138|0x000000061d000000, 0x000000061d000000, 0x000000061d200000|  0%| F|  |TAMS 0x000000061d000000, 0x000000061d000000| Untracked 
| 139|0x000000061d200000, 0x000000061d200000, 0x000000061d400000|  0%| F|  |TAMS 0x000000061d200000, 0x000000061d200000| Untracked 
| 140|0x000000061d400000, 0x000000061d400000, 0x000000061d600000|  0%| F|  |TAMS 0x000000061d400000, 0x000000061d400000| Untracked 
| 141|0x000000061d600000, 0x000000061d600000, 0x000000061d800000|  0%| F|  |TAMS 0x000000061d600000, 0x000000061d600000| Untracked 
| 142|0x000000061d800000, 0x000000061d800000, 0x000000061da00000|  0%| F|  |TAMS 0x000000061d800000, 0x000000061d800000| Untracked 
| 143|0x000000061da00000, 0x000000061da00000, 0x000000061dc00000|  0%| F|  |TAMS 0x000000061da00000, 0x000000061da00000| Untracked 
| 144|0x000000061dc00000, 0x000000061dc00000, 0x000000061de00000|  0%| F|  |TAMS 0x000000061dc00000, 0x000000061dc00000| Untracked 
| 145|0x000000061de00000, 0x000000061de00000, 0x000000061e000000|  0%| F|  |TAMS 0x000000061de00000, 0x000000061de00000| Untracked 
| 146|0x000000061e000000, 0x000000061e000000, 0x000000061e200000|  0%| F|  |TAMS 0x000000061e000000, 0x000000061e000000| Untracked 
| 147|0x000000061e200000, 0x000000061e200000, 0x000000061e400000|  0%| F|  |TAMS 0x000000061e200000, 0x000000061e200000| Untracked 
| 148|0x000000061e400000, 0x000000061e400000, 0x000000061e600000|  0%| F|  |TAMS 0x000000061e400000, 0x000000061e400000| Untracked 
| 149|0x000000061e600000, 0x000000061e600000, 0x000000061e800000|  0%| F|  |TAMS 0x000000061e600000, 0x000000061e600000| Untracked 
| 150|0x000000061e800000, 0x000000061e800000, 0x000000061ea00000|  0%| F|  |TAMS 0x000000061e800000, 0x000000061e800000| Untracked 
| 151|0x000000061ea00000, 0x000000061ea00000, 0x000000061ec00000|  0%| F|  |TAMS 0x000000061ea00000, 0x000000061ea00000| Untracked 
| 152|0x000000061ec00000, 0x000000061ec00000, 0x000000061ee00000|  0%| F|  |TAMS 0x000000061ec00000, 0x000000061ec00000| Untracked 
| 153|0x000000061ee00000, 0x000000061ee00000, 0x000000061f000000|  0%| F|  |TAMS 0x000000061ee00000, 0x000000061ee00000| Untracked 
| 154|0x000000061f000000, 0x000000061f000000, 0x000000061f200000|  0%| F|  |TAMS 0x000000061f000000, 0x000000061f000000| Untracked 
| 155|0x000000061f200000, 0x000000061f200000, 0x000000061f400000|  0%| F|  |TAMS 0x000000061f200000, 0x000000061f200000| Untracked 
| 156|0x000000061f400000, 0x000000061f400000, 0x000000061f600000|  0%| F|  |TAMS 0x000000061f400000, 0x000000061f400000| Untracked 
| 157|0x000000061f600000, 0x000000061f600000, 0x000000061f800000|  0%| F|  |TAMS 0x000000061f600000, 0x000000061f600000| Untracked 
| 158|0x000000061f800000, 0x000000061f800000, 0x000000061fa00000|  0%| F|  |TAMS 0x000000061f800000, 0x000000061f800000| Untracked 
| 159|0x000000061fa00000, 0x000000061fa00000, 0x000000061fc00000|  0%| F|  |TAMS 0x000000061fa00000, 0x000000061fa00000| Untracked 
| 160|0x000000061fc00000, 0x000000061fc00000, 0x000000061fe00000|  0%| F|  |TAMS 0x000000061fc00000, 0x000000061fc00000| Untracked 
| 161|0x000000061fe00000, 0x000000061fe00000, 0x0000000620000000|  0%| F|  |TAMS 0x000000061fe00000, 0x000000061fe00000| Untracked 
| 162|0x0000000620000000, 0x0000000620000000, 0x0000000620200000|  0%| F|  |TAMS 0x0000000620000000, 0x0000000620000000| Untracked 
| 163|0x0000000620200000, 0x0000000620200000, 0x0000000620400000|  0%| F|  |TAMS 0x0000000620200000, 0x0000000620200000| Untracked 
| 164|0x0000000620400000, 0x0000000620400000, 0x0000000620600000|  0%| F|  |TAMS 0x0000000620400000, 0x0000000620400000| Untracked 
| 165|0x0000000620600000, 0x0000000620600000, 0x0000000620800000|  0%| F|  |TAMS 0x0000000620600000, 0x0000000620600000| Untracked 
| 166|0x0000000620800000, 0x0000000620800000, 0x0000000620a00000|  0%| F|  |TAMS 0x0000000620800000, 0x0000000620800000| Untracked 
| 167|0x0000000620a00000, 0x0000000620a00000, 0x0000000620c00000|  0%| F|  |TAMS 0x0000000620a00000, 0x0000000620a00000| Untracked 
| 168|0x0000000620c00000, 0x0000000620c00000, 0x0000000620e00000|  0%| F|  |TAMS 0x0000000620c00000, 0x0000000620c00000| Untracked 
| 169|0x0000000620e00000, 0x0000000620e00000, 0x0000000621000000|  0%| F|  |TAMS 0x0000000620e00000, 0x0000000620e00000| Untracked 
| 170|0x0000000621000000, 0x0000000621000000, 0x0000000621200000|  0%| F|  |TAMS 0x0000000621000000, 0x0000000621000000| Untracked 
| 171|0x0000000621200000, 0x0000000621200000, 0x0000000621400000|  0%| F|  |TAMS 0x0000000621200000, 0x0000000621200000| Untracked 
| 172|0x0000000621400000, 0x0000000621400000, 0x0000000621600000|  0%| F|  |TAMS 0x0000000621400000, 0x0000000621400000| Untracked 
| 173|0x0000000621600000, 0x0000000621600000, 0x0000000621800000|  0%| F|  |TAMS 0x0000000621600000, 0x0000000621600000| Untracked 
| 174|0x0000000621800000, 0x0000000621800000, 0x0000000621a00000|  0%| F|  |TAMS 0x0000000621800000, 0x0000000621800000| Untracked 
| 175|0x0000000621a00000, 0x0000000621a00000, 0x0000000621c00000|  0%| F|  |TAMS 0x0000000621a00000, 0x0000000621a00000| Untracked 
| 176|0x0000000621c00000, 0x0000000621c00000, 0x0000000621e00000|  0%| F|  |TAMS 0x0000000621c00000, 0x0000000621c00000| Untracked 
| 177|0x0000000621e00000, 0x0000000621e00000, 0x0000000622000000|  0%| F|  |TAMS 0x0000000621e00000, 0x0000000621e00000| Untracked 
| 178|0x0000000622000000, 0x0000000622000000, 0x0000000622200000|  0%| F|  |TAMS 0x0000000622000000, 0x0000000622000000| Untracked 
| 179|0x0000000622200000, 0x0000000622200000, 0x0000000622400000|  0%| F|  |TAMS 0x0000000622200000, 0x0000000622200000| Untracked 
| 180|0x0000000622400000, 0x0000000622400000, 0x0000000622600000|  0%| F|  |TAMS 0x0000000622400000, 0x0000000622400000| Untracked 
| 181|0x0000000622600000, 0x0000000622600000, 0x0000000622800000|  0%| F|  |TAMS 0x0000000622600000, 0x0000000622600000| Untracked 
| 182|0x0000000622800000, 0x0000000622800000, 0x0000000622a00000|  0%| F|  |TAMS 0x0000000622800000, 0x0000000622800000| Untracked 
| 183|0x0000000622a00000, 0x0000000622a00000, 0x0000000622c00000|  0%| F|  |TAMS 0x0000000622a00000, 0x0000000622a00000| Untracked 
| 184|0x0000000622c00000, 0x0000000622c00000, 0x0000000622e00000|  0%| F|  |TAMS 0x0000000622c00000, 0x0000000622c00000| Untracked 
| 185|0x0000000622e00000, 0x0000000622e00000, 0x0000000623000000|  0%| F|  |TAMS 0x0000000622e00000, 0x0000000622e00000| Untracked 
| 186|0x0000000623000000, 0x0000000623000000, 0x0000000623200000|  0%| F|  |TAMS 0x0000000623000000, 0x0000000623000000| Untracked 
| 187|0x0000000623200000, 0x0000000623200000, 0x0000000623400000|  0%| F|  |TAMS 0x0000000623200000, 0x0000000623200000| Untracked 
| 188|0x0000000623400000, 0x0000000623400000, 0x0000000623600000|  0%| F|  |TAMS 0x0000000623400000, 0x0000000623400000| Untracked 
| 189|0x0000000623600000, 0x0000000623600000, 0x0000000623800000|  0%| F|  |TAMS 0x0000000623600000, 0x0000000623600000| Untracked 
| 190|0x0000000623800000, 0x0000000623800000, 0x0000000623a00000|  0%| F|  |TAMS 0x0000000623800000, 0x0000000623800000| Untracked 
| 191|0x0000000623a00000, 0x0000000623a00000, 0x0000000623c00000|  0%| F|  |TAMS 0x0000000623a00000, 0x0000000623a00000| Untracked 
| 192|0x0000000623c00000, 0x0000000623c00000, 0x0000000623e00000|  0%| F|  |TAMS 0x0000000623c00000, 0x0000000623c00000| Untracked 
| 193|0x0000000623e00000, 0x0000000623e00000, 0x0000000624000000|  0%| F|  |TAMS 0x0000000623e00000, 0x0000000623e00000| Untracked 
| 194|0x0000000624000000, 0x0000000624000000, 0x0000000624200000|  0%| F|  |TAMS 0x0000000624000000, 0x0000000624000000| Untracked 
| 195|0x0000000624200000, 0x0000000624200000, 0x0000000624400000|  0%| F|  |TAMS 0x0000000624200000, 0x0000000624200000| Untracked 
| 196|0x0000000624400000, 0x0000000624400000, 0x0000000624600000|  0%| F|  |TAMS 0x0000000624400000, 0x0000000624400000| Untracked 
| 197|0x0000000624600000, 0x0000000624600000, 0x0000000624800000|  0%| F|  |TAMS 0x0000000624600000, 0x0000000624600000| Untracked 
| 198|0x0000000624800000, 0x0000000624800000, 0x0000000624a00000|  0%| F|  |TAMS 0x0000000624800000, 0x0000000624800000| Untracked 
| 199|0x0000000624a00000, 0x0000000624a00000, 0x0000000624c00000|  0%| F|  |TAMS 0x0000000624a00000, 0x0000000624a00000| Untracked 
| 200|0x0000000624c00000, 0x0000000624c00000, 0x0000000624e00000|  0%| F|  |TAMS 0x0000000624c00000, 0x0000000624c00000| Untracked 
| 201|0x0000000624e00000, 0x0000000624e00000, 0x0000000625000000|  0%| F|  |TAMS 0x0000000624e00000, 0x0000000624e00000| Untracked 
| 202|0x0000000625000000, 0x0000000625000000, 0x0000000625200000|  0%| F|  |TAMS 0x0000000625000000, 0x0000000625000000| Untracked 
| 203|0x0000000625200000, 0x0000000625200000, 0x0000000625400000|  0%| F|  |TAMS 0x0000000625200000, 0x0000000625200000| Untracked 
| 204|0x0000000625400000, 0x0000000625400000, 0x0000000625600000|  0%| F|  |TAMS 0x0000000625400000, 0x0000000625400000| Untracked 
| 205|0x0000000625600000, 0x0000000625600000, 0x0000000625800000|  0%| F|  |TAMS 0x0000000625600000, 0x0000000625600000| Untracked 
| 206|0x0000000625800000, 0x0000000625800000, 0x0000000625a00000|  0%| F|  |TAMS 0x0000000625800000, 0x0000000625800000| Untracked 
| 207|0x0000000625a00000, 0x0000000625a00000, 0x0000000625c00000|  0%| F|  |TAMS 0x0000000625a00000, 0x0000000625a00000| Untracked 
| 208|0x0000000625c00000, 0x0000000625c00000, 0x0000000625e00000|  0%| F|  |TAMS 0x0000000625c00000, 0x0000000625c00000| Untracked 
| 209|0x0000000625e00000, 0x0000000625e00000, 0x0000000626000000|  0%| F|  |TAMS 0x0000000625e00000, 0x0000000625e00000| Untracked 
| 210|0x0000000626000000, 0x0000000626000000, 0x0000000626200000|  0%| F|  |TAMS 0x0000000626000000, 0x0000000626000000| Untracked 
| 211|0x0000000626200000, 0x0000000626200000, 0x0000000626400000|  0%| F|  |TAMS 0x0000000626200000, 0x0000000626200000| Untracked 
| 212|0x0000000626400000, 0x0000000626400000, 0x0000000626600000|  0%| F|  |TAMS 0x0000000626400000, 0x0000000626400000| Untracked 
| 213|0x0000000626600000, 0x0000000626600000, 0x0000000626800000|  0%| F|  |TAMS 0x0000000626600000, 0x0000000626600000| Untracked 
| 214|0x0000000626800000, 0x0000000626800000, 0x0000000626a00000|  0%| F|  |TAMS 0x0000000626800000, 0x0000000626800000| Untracked 
| 215|0x0000000626a00000, 0x0000000626a00000, 0x0000000626c00000|  0%| F|  |TAMS 0x0000000626a00000, 0x0000000626a00000| Untracked 
| 216|0x0000000626c00000, 0x0000000626c00000, 0x0000000626e00000|  0%| F|  |TAMS 0x0000000626c00000, 0x0000000626c00000| Untracked 
| 217|0x0000000626e00000, 0x0000000626e00000, 0x0000000627000000|  0%| F|  |TAMS 0x0000000626e00000, 0x0000000626e00000| Untracked 
| 218|0x0000000627000000, 0x0000000627000000, 0x0000000627200000|  0%| F|  |TAMS 0x0000000627000000, 0x0000000627000000| Untracked 
| 219|0x0000000627200000, 0x0000000627200000, 0x0000000627400000|  0%| F|  |TAMS 0x0000000627200000, 0x0000000627200000| Untracked 
| 220|0x0000000627400000, 0x0000000627400000, 0x0000000627600000|  0%| F|  |TAMS 0x0000000627400000, 0x0000000627400000| Untracked 
| 221|0x0000000627600000, 0x0000000627600000, 0x0000000627800000|  0%| F|  |TAMS 0x0000000627600000, 0x0000000627600000| Untracked 
| 222|0x0000000627800000, 0x0000000627800000, 0x0000000627a00000|  0%| F|  |TAMS 0x0000000627800000, 0x0000000627800000| Untracked 
| 223|0x0000000627a00000, 0x0000000627a00000, 0x0000000627c00000|  0%| F|  |TAMS 0x0000000627a00000, 0x0000000627a00000| Untracked 
| 224|0x0000000627c00000, 0x0000000627c00000, 0x0000000627e00000|  0%| F|  |TAMS 0x0000000627c00000, 0x0000000627c00000| Untracked 
| 225|0x0000000627e00000, 0x0000000627e00000, 0x0000000628000000|  0%| F|  |TAMS 0x0000000627e00000, 0x0000000627e00000| Untracked 
| 226|0x0000000628000000, 0x0000000628000000, 0x0000000628200000|  0%| F|  |TAMS 0x0000000628000000, 0x0000000628000000| Untracked 
| 227|0x0000000628200000, 0x0000000628200000, 0x0000000628400000|  0%| F|  |TAMS 0x0000000628200000, 0x0000000628200000| Untracked 
| 228|0x0000000628400000, 0x0000000628400000, 0x0000000628600000|  0%| F|  |TAMS 0x0000000628400000, 0x0000000628400000| Untracked 
| 229|0x0000000628600000, 0x0000000628600000, 0x0000000628800000|  0%| F|  |TAMS 0x0000000628600000, 0x0000000628600000| Untracked 
| 230|0x0000000628800000, 0x0000000628800000, 0x0000000628a00000|  0%| F|  |TAMS 0x0000000628800000, 0x0000000628800000| Untracked 
| 231|0x0000000628a00000, 0x0000000628a00000, 0x0000000628c00000|  0%| F|  |TAMS 0x0000000628a00000, 0x0000000628a00000| Untracked 
| 232|0x0000000628c00000, 0x0000000628c00000, 0x0000000628e00000|  0%| F|  |TAMS 0x0000000628c00000, 0x0000000628c00000| Untracked 
| 233|0x0000000628e00000, 0x0000000628e00000, 0x0000000629000000|  0%| F|  |TAMS 0x0000000628e00000, 0x0000000628e00000| Untracked 
| 234|0x0000000629000000, 0x0000000629000000, 0x0000000629200000|  0%| F|  |TAMS 0x0000000629000000, 0x0000000629000000| Untracked 
| 235|0x0000000629200000, 0x0000000629200000, 0x0000000629400000|  0%| F|  |TAMS 0x0000000629200000, 0x0000000629200000| Untracked 
| 236|0x0000000629400000, 0x0000000629400000, 0x0000000629600000|  0%| F|  |TAMS 0x0000000629400000, 0x0000000629400000| Untracked 
| 237|0x0000000629600000, 0x0000000629600000, 0x0000000629800000|  0%| F|  |TAMS 0x0000000629600000, 0x0000000629600000| Untracked 
| 238|0x0000000629800000, 0x0000000629800000, 0x0000000629a00000|  0%| F|  |TAMS 0x0000000629800000, 0x0000000629800000| Untracked 
| 239|0x0000000629a00000, 0x0000000629a00000, 0x0000000629c00000|  0%| F|  |TAMS 0x0000000629a00000, 0x0000000629a00000| Untracked 
| 240|0x0000000629c00000, 0x0000000629e00000, 0x0000000629e00000|100%| E|  |TAMS 0x0000000629c00000, 0x0000000629c00000| Complete 
| 241|0x0000000629e00000, 0x000000062a000000, 0x000000062a000000|100%| E|CS|TAMS 0x0000000629e00000, 0x0000000629e00000| Complete 
| 242|0x000000062a000000, 0x000000062a200000, 0x000000062a200000|100%| E|CS|TAMS 0x000000062a000000, 0x000000062a000000| Complete 
| 243|0x000000062a200000, 0x000000062a400000, 0x000000062a400000|100%| E|CS|TAMS 0x000000062a200000, 0x000000062a200000| Complete 
| 244|0x000000062a400000, 0x000000062a600000, 0x000000062a600000|100%| E|CS|TAMS 0x000000062a400000, 0x000000062a400000| Complete 
| 245|0x000000062a600000, 0x000000062a800000, 0x000000062a800000|100%| E|CS|TAMS 0x000000062a600000, 0x000000062a600000| Complete 
| 246|0x000000062a800000, 0x000000062aa00000, 0x000000062aa00000|100%| E|CS|TAMS 0x000000062a800000, 0x000000062a800000| Complete 
| 247|0x000000062aa00000, 0x000000062ac00000, 0x000000062ac00000|100%| E|CS|TAMS 0x000000062aa00000, 0x000000062aa00000| Complete 
| 248|0x000000062ac00000, 0x000000062ae00000, 0x000000062ae00000|100%| E|CS|TAMS 0x000000062ac00000, 0x000000062ac00000| Complete 
| 249|0x000000062ae00000, 0x000000062b000000, 0x000000062b000000|100%| E|CS|TAMS 0x000000062ae00000, 0x000000062ae00000| Complete 
| 250|0x000000062b000000, 0x000000062b200000, 0x000000062b200000|100%| E|  |TAMS 0x000000062b000000, 0x000000062b000000| Complete 
|3488|0x00000007bfc00000, 0x00000007bfc48000, 0x00000007bfe00000| 14%|OA|  |TAMS 0x00000007bfc00000, 0x00000007bfc00000| Untracked 
|3489|0x00000007bfe00000, 0x00000007bfe6c000, 0x00000007c0000000| 21%|CA|  |TAMS 0x00000007bfe00000, 0x00000007bfe00000| Untracked 

Card table byte_map: [0x00007f0deb05e000,0x00007f0dec000000] _byte_map_base: 0x00007f0de8000000

Marking Bits (Prev, Next): (CMBitMap*) 0x00007f0e08a95f08, (CMBitMap*) 0x00007f0e08a95f40
 Prev Bits: [0x00007f0de23ac000, 0x00007f0dea0bc000)
 Next Bits: [0x00007f0dda69c000, 0x00007f0de23ac000)

Polling page: 0x00007f0f7eef4000

Metaspace:

Usage:
  Non-class:      5.14 MB capacity,     2.76 MB ( 54%) used,     2.37 MB ( 46%) free+waste,     9.69 KB ( <1%) overhead. 
      Class:    565.00 KB capacity,   292.98 KB ( 52%) used,   266.77 KB ( 47%) free+waste,     5.25 KB ( <1%) overhead. 
       Both:      5.69 MB capacity,     3.04 MB ( 53%) used,     2.63 MB ( 46%) free+waste,    14.94 KB ( <1%) overhead. 

Virtual space:
  Non-class space:        8.00 MB reserved,       5.25 MB ( 66%) committed 
      Class space:        1.00 GB reserved,     640.00 KB ( <1%) committed 
             Both:        1.01 GB reserved,       5.88 MB ( <1%) committed 

Chunk freelists:
   Non-Class:  48.00 KB
       Class:  11.00 KB
        Both:  59.00 KB

MaxMetaspaceSize: unlimited
CompressedClassSpaceSize: 1.00 GB
Initial GC threshold: 20.80 MB
Current GC threshold: 20.80 MB
CDS: on

CodeHeap 'non-profiled nmethods': size=120032Kb used=439Kb max_used=439Kb free=119592Kb
 bounds [0x00007f0df828e000, 0x00007f0df84fe000, 0x00007f0dff7c6000]
CodeHeap 'profiled nmethods': size=120028Kb used=1666Kb max_used=1666Kb free=118362Kb
 bounds [0x00007f0df0d57000, 0x00007f0df0fc7000, 0x00007f0df828e000]
CodeHeap 'non-nmethods': size=5700Kb used=1191Kb max_used=1216Kb free=4508Kb
 bounds [0x00007f0df07c6000, 0x00007f0df0a36000, 0x00007f0df0d57000]
 total_blobs=1394 nmethods=941 adapters=367
 compilation: enabled
              stopped_count=0, restarted_count=0
 full_count=0

Compilation events (20 events):
Event: 375.579 Thread 0x00007f0e097c6000 nmethod 932 0x00007f0df0ef4710 code [0x00007f0df0ef49c0, 0x00007f0df0ef55d0]
Event: 375.579 Thread 0x00007f0e097c6000  933       3       weka.classifiers.trees.j48.Distribution::prob (25 bytes)
Event: 375.579 Thread 0x00007f0e097c6000 nmethod 933 0x00007f0df0ef5b90 code [0x00007f0df0ef5d80, 0x00007f0df0ef60d0]
Event: 375.585 Thread 0x00007f0da80d3000  934   !   4       jdk.internal.loader.BuiltinClassLoader::loadClassOrNull (143 bytes)
Event: 375.591 Thread 0x00007f0e097c3800  935       4       jdk.internal.loader.ClassLoaders$AppClassLoader::loadClass (40 bytes)
Event: 375.599 Thread 0x00007f0da80d3000 nmethod 934 0x00007f0df82f4190 code [0x00007f0df82f4420, 0x00007f0df82f4e48]
Event: 375.599 Thread 0x00007f0da80d3000  936       4       weka.classifiers.trees.j48.ClassifierTree::getProbs (145 bytes)
Event: 375.605 Thread 0x00007f0e097c3800 nmethod 935 0x00007f0df82f5690 code [0x00007f0df82f5920, 0x00007f0df82f6338]
Event: 375.605 Thread 0x00007f0e097c3800  937   !   4       weka.core.WekaPackageClassLoaderManager::getLoaderForClass (74 bytes)
Event: 375.605 Thread 0x00007f0e097c6000  939       3       weka.classifiers.trees.j48.ClassifierTree::classifyInstance (57 bytes)
Event: 375.606 Thread 0x00007f0e097c6000 nmethod 939 0x00007f0df0ef6210 code [0x00007f0df0ef6440, 0x00007f0df0ef6a80]
Event: 375.606 Thread 0x00007f0e097c6000  938       3       weka.classifiers.trees.J48::classifyInstance (9 bytes)
Event: 375.607 Thread 0x00007f0e097c6000 nmethod 938 0x00007f0df0ef6d10 code [0x00007f0df0ef6ec0, 0x00007f0df0ef70a0]
Event: 375.608 Thread 0x00007f0e097c3800 nmethod 937 0x00007f0df82f6c10 code [0x00007f0df82f6e00, 0x00007f0df82f7130]
Event: 375.610 Thread 0x00007f0da80d3000 nmethod 936 0x00007f0df82f7510 code [0x00007f0df82f7740, 0x00007f0df82f80a8]
Event: 375.639 Thread 0x00007f0e097c3800  940       4       java.lang.Class::forName (47 bytes)
Event: 375.640 Thread 0x00007f0e097c3800 nmethod 940 0x00007f0df82f8a10 code [0x00007f0df82f8bc0, 0x00007f0df82f8c68]
Event: 375.645 Thread 0x00007f0dac008000 nmethod 923% 0x00007f0df82f8d10 code [0x00007f0df82f8fa0, 0x00007f0df82fa9e8]
Event: 407.230 Thread 0x00007f0e097c6000  941       3       java.lang.Integer::valueOf (32 bytes)
Event: 407.231 Thread 0x00007f0e097c6000 nmethod 941 0x00007f0df0ef7190 code [0x00007f0df0ef7360, 0x00007f0df0ef7670]

GC Heap History (0 events):
No events

Deoptimization events (20 events):
Event: 375.525 Thread 0x0000560c595be800 DEOPT PACKING pc=0x00007f0df0ec0361 sp=0x00007ffea0cfb330
Event: 375.525 Thread 0x0000560c595be800 DEOPT UNPACKING pc=0x00007f0df081064a sp=0x00007ffea0cfa888 mode 0
Event: 375.526 Thread 0x0000560c595be800 DEOPT PACKING pc=0x00007f0df0ec04fe sp=0x00007ffea0cfb330
Event: 375.526 Thread 0x0000560c595be800 DEOPT UNPACKING pc=0x00007f0df081064a sp=0x00007ffea0cfa888 mode 0
Event: 375.528 Thread 0x0000560c595be800 DEOPT PACKING pc=0x00007f0df0ec03dc sp=0x00007ffea0cfb230
Event: 375.528 Thread 0x0000560c595be800 DEOPT UNPACKING pc=0x00007f0df081064a sp=0x00007ffea0cfa6b0 mode 0
Event: 375.529 Thread 0x0000560c595be800 DEOPT PACKING pc=0x00007f0df0ec0361 sp=0x00007ffea0cfb030
Event: 375.529 Thread 0x0000560c595be800 DEOPT UNPACKING pc=0x00007f0df081064a sp=0x00007ffea0cfa588 mode 0
Event: 375.531 Thread 0x0000560c595be800 DEOPT PACKING pc=0x00007f0df0ec03dc sp=0x00007ffea0cfaf30
Event: 375.531 Thread 0x0000560c595be800 DEOPT UNPACKING pc=0x00007f0df081064a sp=0x00007ffea0cfa3b0 mode 0
Event: 375.531 Thread 0x0000560c595be800 DEOPT PACKING pc=0x00007f0df0ec04fe sp=0x00007ffea0cfaf30
Event: 375.531 Thread 0x0000560c595be800 DEOPT UNPACKING pc=0x00007f0df081064a sp=0x00007ffea0cfa488 mode 0
Event: 407.230 Thread 0x00007f0e097bf000 Uncommon trap: trap_request=0xffffffde fr.pc=0x00007f0df82d0890 relative=0x0000000000000450
Event: 407.230 Thread 0x00007f0e097bf000 Uncommon trap: reason=class_check action=maybe_recompile pc=0x00007f0df82d0890 method=java.util.Hashtable.get(Ljava/lang/Object;)Ljava/lang/Object; @ 6 c2
Event: 407.230 Thread 0x00007f0e097bf000 DEOPT PACKING pc=0x00007f0df82d0890 sp=0x00007f0df05c4660
Event: 407.230 Thread 0x00007f0e097bf000 DEOPT UNPACKING pc=0x00007f0df080fea5 sp=0x00007f0df05c4610 mode 2
Event: 407.230 Thread 0x00007f0e097bf000 Uncommon trap: trap_request=0xffffffde fr.pc=0x00007f0df82d0890 relative=0x0000000000000450
Event: 407.230 Thread 0x00007f0e097bf000 Uncommon trap: reason=class_check action=maybe_recompile pc=0x00007f0df82d0890 method=java.util.Hashtable.get(Ljava/lang/Object;)Ljava/lang/Object; @ 6 c2
Event: 407.230 Thread 0x00007f0e097bf000 DEOPT PACKING pc=0x00007f0df82d0890 sp=0x00007f0df05c4660
Event: 407.230 Thread 0x00007f0e097bf000 DEOPT UNPACKING pc=0x00007f0df080fea5 sp=0x00007f0df05c4610 mode 2

Classes redefined (0 events):
No events

Internal exceptions (17 events):
Event: 0.157 Thread 0x0000560c595be800 Exception <a 'java/lang/ClassNotFoundException'{0x000000062ac84b28}: sun/util/logging/resources/spi/loggingProvider> (0x000000062ac84b28) thrown at [./src/hotspot/share/classfile/systemDictionary.cpp, line 230]
Event: 375.295 Thread 0x0000560c595be800 Exception <a 'java/lang/NoSuchMethodError'{0x000000062a6e8480}: 'java.lang.Object java.lang.invoke.DirectMethodHandle$Holder.invokeStatic(java.lang.Object, java.lang.Object, java.lang.Object, java.lang.Object, java.lang.Object, java.lang.Object, java.lang.Object, java.lang.Object, java.lang.Object, java.lang.Object, java.lang.Object, int)'> (0x000000062a6e8480) thrown at [./src/hotspot/share/interpreter/linkResolver.cpp, line 772]
Event: 375.297 Thread 0x0000560c595be800 Exception <a 'java/lang/NoSuchMethodError'{0x000000062a7066c0}: 'java.lang.Object java.lang.invoke.DirectMethodHandle$Holder.invokeStatic(java.lang.Object, java.lang.Object, java.lang.Object, java.lang.Object, java.lang.Object, java.lang.Object, java.lang.Object, java.lang.Object, java.lang.Object, java.lang.Object, java.lang.Object, int, int)'> (0x000000062a7066c0) thrown at [./src/hotspot/share/interpreter/linkResolver.cpp, line 772]
Event: 375.300 Thread 0x0000560c595be800 Exception <a 'java/lang/NoSuchMethodError'{0x000000062a725450}: 'java.lang.Object java.lang.invoke.DirectMethodHandle$Holder.invokeStatic(java.lang.Object, java.lang.Object, java.lang.Object, java.lang.Object, java.lang.Object, java.lang.Object, java.lang.Object, java.lang.Object, java.lang.Object, java.lang.Object, java.lang.Object, int, int, java.lang.Object)'> (0x000000062a725450) thrown at [./src/hotspot/share/interpreter/linkResolver.cpp, line 772]
Event: 375.302 Thread 0x0000560c595be800 Exception <a 'java/lang/NoSuchMethodError'{0x000000062a745868}: 'java.lang.Object java.lang.invoke.DirectMethodHandle$Holder.invokeStatic(java.lang.Object, java.lang.Object, java.lang.Object, java.lang.Object, java.lang.Object, java.lang.Object, java.lang.Object, java.lang.Object, java.lang.Object, java.lang.Object, java.lang.Object, int, int, java.lang.Object, java.lang.Object)'> (0x000000062a745868) thrown at [./src/hotspot/share/interpreter/linkResolver.cpp, line 772]
Event: 375.304 Thread 0x0000560c595be800 Exception <a 'java/lang/ClassNotFoundException'{0x000000062a752cc0}: weka/filters/unsupervised/attribute/NumericToNominalBeanInfo> (0x000000062a752cc0) thrown at [./src/hotspot/share/classfile/systemDictionary.cpp, line 230]
Event: 375.304 Thread 0x0000560c595be800 Exception <a 'java/lang/ClassNotFoundException'{0x000000062a755f68}: weka/filters/unsupervised/attribute/NumericToNominalCustomizer> (0x000000062a755f68) thrown at [./src/hotspot/share/classfile/systemDictionary.cpp, line 230]
Event: 375.313 Thread 0x0000560c595be800 Exception <a 'java/lang/ClassNotFoundException'{0x000000062a785f98}: weka/filters/SimpleBatchFilterBeanInfo> (0x000000062a785f98) thrown at [./src/hotspot/share/classfile/systemDictionary.cpp, line 230]
Event: 375.313 Thread 0x0000560c595be800 Exception <a 'java/lang/ClassNotFoundException'{0x000000062a787760}: weka/filters/SimpleBatchFilterCustomizer> (0x000000062a787760) thrown at [./src/hotspot/share/classfile/systemDictionary.cpp, line 230]
Event: 375.313 Thread 0x0000560c595be800 Exception <a 'java/lang/ClassNotFoundException'{0x000000062a78ba18}: weka/filters/SimpleFilterBeanInfo> (0x000000062a78ba18) thrown at [./src/hotspot/share/classfile/systemDictionary.cpp, line 230]
Event: 375.314 Thread 0x0000560c595be800 Exception <a 'java/lang/ClassNotFoundException'{0x000000062a78d1d8}: weka/filters/SimpleFilterCustomizer> (0x000000062a78d1d8) thrown at [./src/hotspot/share/classfile/systemDictionary.cpp, line 230]
Event: 375.314 Thread 0x0000560c595be800 Exception <a 'java/lang/ClassNotFoundException'{0x000000062a790908}: weka/filters/FilterBeanInfo> (0x000000062a790908) thrown at [./src/hotspot/share/classfile/systemDictionary.cpp, line 230]
Event: 375.314 Thread 0x0000560c595be800 Exception <a 'java/lang/ClassNotFoundException'{0x000000062a791f50}: weka/filters/FilterCustomizer> (0x000000062a791f50) thrown at [./src/hotspot/share/classfile/systemDictionary.cpp, line 230]
Event: 375.409 Thread 0x0000560c595be800 Exception <a 'java/lang/ClassNotFoundException'{0x000000062a524e38}: weka/classifiers/trees/J48BeanInfo> (0x000000062a524e38) thrown at [./src/hotspot/share/classfile/systemDictionary.cpp, line 230]
Event: 375.410 Thread 0x0000560c595be800 Exception <a 'java/lang/ClassNotFoundException'{0x000000062a526610}: weka/classifiers/trees/J48Customizer> (0x000000062a526610) thrown at [./src/hotspot/share/classfile/systemDictionary.cpp, line 230]
Event: 375.414 Thread 0x0000560c595be800 Exception <a 'java/lang/ClassNotFoundException'{0x000000062a558268}: weka/classifiers/AbstractClassifierBeanInfo> (0x000000062a558268) thrown at [./src/hotspot/share/classfile/systemDictionary.cpp, line 230]
Event: 375.414 Thread 0x0000560c595be800 Exception <a 'java/lang/ClassNotFoundException'{0x000000062a559ba0}: weka/classifiers/AbstractClassifierCustomizer> (0x000000062a559ba0) thrown at [./src/hotspot/share/classfile/systemDictionary.cpp, line 230]

Events (20 events):
Event: 407.231 Executing VM operation: RevokeBias
Event: 407.231 Executing VM operation: RevokeBias done
Event: 407.231 Thread 0x00007f0d900bc800 Thread added: 0x00007f0d900bc800
Event: 407.231 Protecting memory [0x00007f0dd829b000,0x00007f0dd829f000] with protection modes 0
Event: 407.231 Executing VM operation: RevokeBias
Event: 407.231 Executing VM operation: RevokeBias done
Event: 407.231 Executing VM operation: RevokeBias
Event: 407.231 Executing VM operation: RevokeBias done
Event: 407.231 Executing VM operation: RevokeBias
Event: 407.231 Executing VM operation: RevokeBias done
Event: 407.231 Executing VM operation: RevokeBias
Event: 407.231 Executing VM operation: RevokeBias done
Event: 407.231 Executing VM operation: RevokeBias
Event: 407.231 Executing VM operation: RevokeBias done
Event: 407.231 Executing VM operation: RevokeBias
Event: 407.231 Executing VM operation: RevokeBias done
Event: 407.231 Executing VM operation: RevokeBias
Event: 407.231 Executing VM operation: RevokeBias done
Event: 407.233 Thread 0x00007f0d900bc800 Thread exited: 0x00007f0d900bc800
Event: 407.234 Executing VM operation: Exit


Dynamic libraries:
60bc00000-62b200000 rw-p 00000000 00:00 0 
62b200000-7bfc00000 ---p 00000000 00:00 0 
7bfc00000-7bfc48000 rw-p 00b13000 00:51 2515878                          /usr/lib/jvm/java-11-openjdk-amd64/lib/server/classes.jsa
7bfc48000-7bfe00000 rw-p 00000000 00:00 0 
7bfe00000-7bfe6c000 rw-p 00aa7000 00:51 2515878                          /usr/lib/jvm/java-11-openjdk-amd64/lib/server/classes.jsa
7bfe6c000-7c0000000 rw-p 00000000 00:00 0 
7c0000000-800000000 ---p 00000000 00:00 0 
800000000-800002000 rwxp 00001000 00:51 2515878                          /usr/lib/jvm/java-11-openjdk-amd64/lib/server/classes.jsa
800002000-8003ce000 rw-p 00003000 00:51 2515878                          /usr/lib/jvm/java-11-openjdk-amd64/lib/server/classes.jsa
8003ce000-800aa5000 r--p 003cf000 00:51 2515878                          /usr/lib/jvm/java-11-openjdk-amd64/lib/server/classes.jsa
800aa5000-800aa6000 rw-p 00aa6000 00:51 2515878                          /usr/lib/jvm/java-11-openjdk-amd64/lib/server/classes.jsa
840000000-8400a0000 rw-p 00000000 00:00 0 
8400a0000-880000000 ---p 00000000 00:00 0 
560c4ec9e000-560c4ed0b000 r--p 00000000 00:51 2131335                    /usr/bin/python3.10
560c4ed0b000-560c4efc1000 r-xp 0006d000 00:51 2131335                    /usr/bin/python3.10
560c4efc1000-560c4f202000 r--p 00323000 00:51 2131335                    /usr/bin/python3.10
560c4f203000-560c4f20a000 r--p 00564000 00:51 2131335                    /usr/bin/python3.10
560c4f20a000-560c4f249000 rw-p 0056b000 00:51 2131335                    /usr/bin/python3.10
560c4f249000-560c4f28f000 rw-p 00000000 00:00 0 
560c5019e000-560c5addc000 rw-p 00000000 00:00 0                          [heap]
560c5addc000-560c5ce3c000 rw-p 00000000 00:00 0                          [heap]
560c5ce3c000-560c5d124000 rw-p 00000000 00:00 0                          [heap]
560c5d124000-560c5e3a4000 rw-p 00000000 00:00 0                          [heap]
7f0d812e9000-7f0d88000000 rw-p 00000000 00:00 0 
7f0d88000000-7f0d8846e000 rw-p 00000000 00:00 0 
7f0d8846e000-7f0d8c000000 ---p 00000000 00:00 0 
7f0d8db3f000-7f0d90000000 rw-p 00000000 00:00 0 
7f0d90000000-7f0d903d0000 rw-p 00000000 00:00 0 
7f0d903d0000-7f0d94000000 ---p 00000000 00:00 0 
7f0d96000000-7f0d98000000 rw-p 00000000 00:00 0 
7f0d98000000-7f0d98021000 rw-p 00000000 00:00 0 
7f0d98021000-7f0d9c000000 ---p 00000000 00:00 0 
7f0d9c000000-7f0d9c021000 rw-p 00000000 00:00 0 
7f0d9c021000-7f0da0000000 ---p 00000000 00:00 0 
7f0da0000000-7f0da0021000 rw-p 00000000 00:00 0 
7f0da0021000-7f0da4000000 ---p 00000000 00:00 0 
7f0da4000000-7f0da4021000 rw-p 00000000 00:00 0 
7f0da4021000-7f0da8000000 ---p 00000000 00:00 0 
7f0da8000000-7f0da8474000 rw-p 00000000 00:00 0 
7f0da8474000-7f0dac000000 ---p 00000000 00:00 0 
7f0dac000000-7f0dac282000 rw-p 00000000 00:00 0 
7f0dac282000-7f0db0000000 ---p 00000000 00:00 0 
7f0db0000000-7f0db0021000 rw-p 00000000 00:00 0 
7f0db0021000-7f0db4000000 ---p 00000000 00:00 0 
7f0db4000000-7f0db4021000 rw-p 00000000 00:00 0 
7f0db4021000-7f0db8000000 ---p 00000000 00:00 0 
7f0db8000000-7f0db8021000 rw-p 00000000 00:00 0 
7f0db8021000-7f0dbc000000 ---p 00000000 00:00 0 
7f0dbc000000-7f0dbc021000 rw-p 00000000 00:00 0 
7f0dbc021000-7f0dc0000000 ---p 00000000 00:00 0 
7f0dc0000000-7f0dc0021000 rw-p 00000000 00:00 0 
7f0dc0021000-7f0dc4000000 ---p 00000000 00:00 0 
7f0dc4000000-7f0dc4021000 rw-p 00000000 00:00 0 
7f0dc4021000-7f0dc8000000 ---p 00000000 00:00 0 
7f0dc8fff000-7f0dcafff000 rw-p 00000000 00:00 0 
7f0dcafff000-7f0dcb000000 ---p 00000000 00:00 0 
7f0dcb000000-7f0dcbd40000 rw-p 00000000 00:00 0 
7f0dcbd40000-7f0dcc000000 ---p 00000000 00:00 0 
7f0dcc000000-7f0dcc021000 rw-p 00000000 00:00 0 
7f0dcc021000-7f0dd0000000 ---p 00000000 00:00 0 
7f0dd0000000-7f0dd0021000 rw-p 00000000 00:00 0 
7f0dd0021000-7f0dd4000000 ---p 00000000 00:00 0 
7f0dd4000000-7f0dd4021000 rw-p 00000000 00:00 0 
7f0dd4021000-7f0dd8000000 ---p 00000000 00:00 0 
7f0dd839b000-7f0dd839f000 ---p 00000000 00:00 0 
7f0dd839f000-7f0dd849b000 rw-p 00000000 00:00 0 
7f0dd849b000-7f0dd849f000 ---p 00000000 00:00 0 
7f0dd849f000-7f0dd859b000 rw-p 00000000 00:00 0 
7f0dd869c000-7f0ddae74000 rw-p 00000000 00:00 0 
7f0ddae74000-7f0de139c000 ---p 00000000 00:00 0 
7f0de139c000-7f0de13ac000 rw-p 00000000 00:00 0 
7f0de13ac000-7f0de23ac000 ---p 00000000 00:00 0 
7f0de23ac000-7f0de2b84000 rw-p 00000000 00:00 0 
7f0de2b84000-7f0de90ac000 ---p 00000000 00:00 0 
7f0de90ac000-7f0de90bc000 rw-p 00000000 00:00 0 
7f0de90bc000-7f0dea0bc000 ---p 00000000 00:00 0 
7f0dea0bc000-7f0dea1b7000 rw-p 00000000 00:00 0 
7f0dea1b7000-7f0deae5c000 ---p 00000000 00:00 0 
7f0deae5c000-7f0deae5e000 rw-p 00000000 00:00 0 
7f0deae5e000-7f0deb05e000 ---p 00000000 00:00 0 
7f0deb05e000-7f0deb159000 rw-p 00000000 00:00 0 
7f0deb159000-7f0debdfe000 ---p 00000000 00:00 0 
7f0debdfe000-7f0debe00000 rw-p 00000000 00:00 0 
7f0debe00000-7f0dec000000 ---p 00000000 00:00 0 
7f0dec000000-7f0dec021000 rw-p 00000000 00:00 0 
7f0dec021000-7f0df0000000 ---p 00000000 00:00 0 
7f0df00c6000-7f0df00ca000 ---p 00000000 00:00 0 
7f0df00ca000-7f0df01c6000 rw-p 00000000 00:00 0 
7f0df01c6000-7f0df01ca000 ---p 00000000 00:00 0 
7f0df01ca000-7f0df02c6000 rw-p 00000000 00:00 0 
7f0df02c6000-7f0df02ca000 ---p 00000000 00:00 0 
7f0df02ca000-7f0df03c6000 rw-p 00000000 00:00 0 
7f0df03c6000-7f0df03ca000 ---p 00000000 00:00 0 
7f0df03ca000-7f0df04c6000 rw-p 00000000 00:00 0 
7f0df04c6000-7f0df04ca000 ---p 00000000 00:00 0 
7f0df04ca000-7f0df05c6000 rw-p 00000000 00:00 0 
7f0df05c6000-7f0df05ca000 ---p 00000000 00:00 0 
7f0df05ca000-7f0df06c6000 rw-p 00000000 00:00 0 
7f0df06c6000-7f0df06ca000 ---p 00000000 00:00 0 
7f0df06ca000-7f0df07c6000 rw-p 00000000 00:00 0 
7f0df07c6000-7f0df0a36000 rwxp 00000000 00:00 0 
7f0df0a36000-7f0df0d57000 ---p 00000000 00:00 0 
7f0df0d57000-7f0df0fc7000 rwxp 00000000 00:00 0 
7f0df0fc7000-7f0df828e000 ---p 00000000 00:00 0 
7f0df828e000-7f0df84fe000 rwxp 00000000 00:00 0 
7f0df84fe000-7f0dff7c6000 ---p 00000000 00:00 0 
7f0dff7c6000-7f0e08000000 r--s 00000000 00:51 2515395                    /usr/lib/jvm/java-11-openjdk-amd64/lib/modules
7f0e08000000-7f0e0981b000 rw-p 00000000 00:00 0 
7f0e0981b000-7f0e0c000000 ---p 00000000 00:00 0 
7f0e0c0b9000-7f0e0c0bd000 r--p 00000000 00:51 2515385                    /usr/lib/jvm/java-11-openjdk-amd64/lib/libnet.so
7f0e0c0bd000-7f0e0c0cc000 r-xp 00004000 00:51 2515385                    /usr/lib/jvm/java-11-openjdk-amd64/lib/libnet.so
7f0e0c0cc000-7f0e0c0d0000 r--p 00013000 00:51 2515385                    /usr/lib/jvm/java-11-openjdk-amd64/lib/libnet.so
7f0e0c0d0000-7f0e0c0d1000 r--p 00016000 00:51 2515385                    /usr/lib/jvm/java-11-openjdk-amd64/lib/libnet.so
7f0e0c0d1000-7f0e0c0d2000 rw-p 00017000 00:51 2515385                    /usr/lib/jvm/java-11-openjdk-amd64/lib/libnet.so
7f0e0c0d2000-7f0e0c0d9000 r--p 00000000 00:51 2515386                    /usr/lib/jvm/java-11-openjdk-amd64/lib/libnio.so
7f0e0c0d9000-7f0e0c0e1000 r-xp 00007000 00:51 2515386                    /usr/lib/jvm/java-11-openjdk-amd64/lib/libnio.so
7f0e0c0e1000-7f0e0c0e4000 r--p 0000f000 00:51 2515386                    /usr/lib/jvm/java-11-openjdk-amd64/lib/libnio.so
7f0e0c0e4000-7f0e0c0e5000 r--p 00011000 00:51 2515386                    /usr/lib/jvm/java-11-openjdk-amd64/lib/libnio.so
7f0e0c0e5000-7f0e0c0e6000 rw-p 00012000 00:51 2515386                    /usr/lib/jvm/java-11-openjdk-amd64/lib/libnio.so
7f0e0c0e6000-7f0e0c0e7000 ---p 00000000 00:00 0 
7f0e0c0e7000-7f0e0c1e7000 rw-p 00000000 00:00 0 
7f0e0c3e9000-7f0e0c3ea000 ---p 00000000 00:00 0 
7f0e0c3ea000-7f0e0c4ea000 rw-p 00000000 00:00 0 
7f0e0c5eb000-7f0e0c7e8000 rw-p 00000000 00:00 0 
7f0e0c7e8000-7f0e0d48d000 ---p 00000000 00:00 0 
7f0e0d48d000-7f0e0d48f000 rw-p 00000000 00:00 0 
7f0e0d48f000-7f0e0d68f000 ---p 00000000 00:00 0 
7f0e0d68f000-7f0e0d690000 ---p 00000000 00:00 0 
7f0e0d690000-7f0e0d795000 rw-p 00000000 00:00 0 
7f0e0d795000-7f0e0d87b000 ---p 00000000 00:00 0 
7f0e0d87b000-7f0e0d880000 rw-p 00000000 00:00 0 
7f0e0d880000-7f0e0d966000 ---p 00000000 00:00 0 
7f0e0d966000-7f0e0d96b000 rw-p 00000000 00:00 0 
7f0e0d96b000-7f0e0d972000 ---p 00000000 00:00 0 
7f0e0d972000-7f0e0d974000 r--p 00000000 00:51 2515394                    /usr/lib/jvm/java-11-openjdk-amd64/lib/libzip.so
7f0e0d974000-7f0e0d979000 r-xp 00002000 00:51 2515394                    /usr/lib/jvm/java-11-openjdk-amd64/lib/libzip.so
7f0e0d979000-7f0e0d97b000 r--p 00007000 00:51 2515394                    /usr/lib/jvm/java-11-openjdk-amd64/lib/libzip.so
7f0e0d97b000-7f0e0d97c000 r--p 00008000 00:51 2515394                    /usr/lib/jvm/java-11-openjdk-amd64/lib/libzip.so
7f0e0d97c000-7f0e0d97d000 rw-p 00009000 00:51 2515394                    /usr/lib/jvm/java-11-openjdk-amd64/lib/libzip.so
7f0e0d97d000-7f0e0d985000 rw-s 00000000 00:51 361090                     /tmp/hsperfdata_root/45365 (deleted)
7f0e0d985000-7f0e0d993000 r--p 00000000 00:51 2515374                    /usr/lib/jvm/java-11-openjdk-amd64/lib/libjava.so
7f0e0d993000-7f0e0d9aa000 r-xp 0000e000 00:51 2515374                    /usr/lib/jvm/java-11-openjdk-amd64/lib/libjava.so
7f0e0d9aa000-7f0e0d9b1000 r--p 00025000 00:51 2515374                    /usr/lib/jvm/java-11-openjdk-amd64/lib/libjava.so
7f0e0d9b1000-7f0e0d9b2000 r--p 0002b000 00:51 2515374                    /usr/lib/jvm/java-11-openjdk-amd64/lib/libjava.so
7f0e0d9b2000-7f0e0d9b3000 rw-p 0002c000 00:51 2515374                    /usr/lib/jvm/java-11-openjdk-amd64/lib/libjava.so
7f0e0d9b3000-7f0e0d9b4000 rw-p 00000000 00:00 0 
7f0e0d9b4000-7f0e0d9b5000 ---p 00000000 00:00 0 
7f0e0d9b5000-7f0e0d9b9000 ---p 00000000 00:00 0 
7f0e0d9b9000-7f0e0e1b5000 rw-p 00000000 00:00 0 
7f0e0e1b5000-7f0e0e1ba000 r--p 00000000 00:51 2597134                    /usr/local/lib/python3.10/dist-packages/sklearn/decomposition/_cdnmf_fast.cpython-310-x86_64-linux-gnu.so
7f0e0e1ba000-7f0e0e1e5000 r-xp 00005000 00:51 2597134                    /usr/local/lib/python3.10/dist-packages/sklearn/decomposition/_cdnmf_fast.cpython-310-x86_64-linux-gnu.so
7f0e0e1e5000-7f0e0e1ed000 r--p 00030000 00:51 2597134                    /usr/local/lib/python3.10/dist-packages/sklearn/decomposition/_cdnmf_fast.cpython-310-x86_64-linux-gnu.so
7f0e0e1ed000-7f0e0e1ee000 r--p 00037000 00:51 2597134                    /usr/local/lib/python3.10/dist-packages/sklearn/decomposition/_cdnmf_fast.cpython-310-x86_64-linux-gnu.so
7f0e0e1ee000-7f0e0e1f0000 rw-p 00038000 00:51 2597134                    /usr/local/lib/python3.10/dist-packages/sklearn/decomposition/_cdnmf_fast.cpython-310-x86_64-linux-gnu.so
7f0e0e1f0000-7f0e0e1f1000 rw-p 00000000 00:00 0 
7f0e0e1f1000-7f0e0e1f6000 r--p 00000000 00:51 2597125                    /usr/local/lib/python3.10/dist-packages/sklearn/decomposition/_online_lda_fast.cpython-310-x86_64-linux-gnu.so
7f0e0e1f6000-7f0e0e22d000 r-xp 00005000 00:51 2597125                    /usr/local/lib/python3.10/dist-packages/sklearn/decomposition/_online_lda_fast.cpython-310-x86_64-linux-gnu.so
7f0e0e22d000-7f0e0e235000 r--p 0003c000 00:51 2597125                    /usr/local/lib/python3.10/dist-packages/sklearn/decomposition/_online_lda_fast.cpython-310-x86_64-linux-gnu.so
7f0e0e235000-7f0e0e236000 r--p 00043000 00:51 2597125                    /usr/local/lib/python3.10/dist-packages/sklearn/decomposition/_online_lda_fast.cpython-310-x86_64-linux-gnu.so
7f0e0e236000-7f0e0e238000 rw-p 00044000 00:51 2597125                    /usr/local/lib/python3.10/dist-packages/sklearn/decomposition/_online_lda_fast.cpython-310-x86_64-linux-gnu.so
7f0e0e238000-7f0e0e339000 rw-p 00000000 00:00 0 
7f0e0e339000-7f0e0e33d000 r--p 00000000 00:51 2589681                    /usr/local/lib/python3.10/dist-packages/sklearn/utils/_weight_vector.cpython-310-x86_64-linux-gnu.so
7f0e0e33d000-7f0e0e361000 r-xp 00004000 00:51 2589681                    /usr/local/lib/python3.10/dist-packages/sklearn/utils/_weight_vector.cpython-310-x86_64-linux-gnu.so
7f0e0e361000-7f0e0e368000 r--p 00028000 00:51 2589681                    /usr/local/lib/python3.10/dist-packages/sklearn/utils/_weight_vector.cpython-310-x86_64-linux-gnu.so
7f0e0e368000-7f0e0e369000 ---p 0002f000 00:51 2589681                    /usr/local/lib/python3.10/dist-packages/sklearn/utils/_weight_vector.cpython-310-x86_64-linux-gnu.so
7f0e0e369000-7f0e0e36a000 r--p 0002f000 00:51 2589681                    /usr/local/lib/python3.10/dist-packages/sklearn/utils/_weight_vector.cpython-310-x86_64-linux-gnu.so
7f0e0e36a000-7f0e0e36c000 rw-p 00030000 00:51 2589681                    /usr/local/lib/python3.10/dist-packages/sklearn/utils/_weight_vector.cpython-310-x86_64-linux-gnu.so
7f0e0e36c000-7f0e0e372000 r--p 00000000 00:51 2596973                    /usr/local/lib/python3.10/dist-packages/sklearn/linear_model/_sgd_fast.cpython-310-x86_64-linux-gnu.so
7f0e0e372000-7f0e0e3b4000 r-xp 00006000 00:51 2596973                    /usr/local/lib/python3.10/dist-packages/sklearn/linear_model/_sgd_fast.cpython-310-x86_64-linux-gnu.so
7f0e0e3b4000-7f0e0e3c1000 r--p 00048000 00:51 2596973                    /usr/local/lib/python3.10/dist-packages/sklearn/linear_model/_sgd_fast.cpython-310-x86_64-linux-gnu.so
7f0e0e3c1000-7f0e0e3c2000 r--p 00054000 00:51 2596973                    /usr/local/lib/python3.10/dist-packages/sklearn/linear_model/_sgd_fast.cpython-310-x86_64-linux-gnu.so
7f0e0e3c2000-7f0e0e3c6000 rw-p 00055000 00:51 2596973                    /usr/local/lib/python3.10/dist-packages/sklearn/linear_model/_sgd_fast.cpython-310-x86_64-linux-gnu.so
7f0e0e3c6000-7f0e0e3c7000 rw-p 00000000 00:00 0 
7f0e0e3c7000-7f0e0e3cc000 r--p 00000000 00:51 2596960                    /usr/local/lib/python3.10/dist-packages/sklearn/linear_model/_sag_fast.cpython-310-x86_64-linux-gnu.so
7f0e0e3cc000-7f0e0e403000 r-xp 00005000 00:51 2596960                    /usr/local/lib/python3.10/dist-packages/sklearn/linear_model/_sag_fast.cpython-310-x86_64-linux-gnu.so
7f0e0e403000-7f0e0e40c000 r--p 0003c000 00:51 2596960                    /usr/local/lib/python3.10/dist-packages/sklearn/linear_model/_sag_fast.cpython-310-x86_64-linux-gnu.so
7f0e0e40c000-7f0e0e40d000 ---p 00045000 00:51 2596960                    /usr/local/lib/python3.10/dist-packages/sklearn/linear_model/_sag_fast.cpython-310-x86_64-linux-gnu.so
7f0e0e40d000-7f0e0e40e000 r--p 00045000 00:51 2596960                    /usr/local/lib/python3.10/dist-packages/sklearn/linear_model/_sag_fast.cpython-310-x86_64-linux-gnu.so
7f0e0e40e000-7f0e0e410000 rw-p 00046000 00:51 2596960                    /usr/local/lib/python3.10/dist-packages/sklearn/linear_model/_sag_fast.cpython-310-x86_64-linux-gnu.so
7f0e0e410000-7f0e0e411000 rw-p 00000000 00:00 0 
7f0e0e411000-7f0e0e41b000 r--p 00000000 00:51 2597045                    /usr/local/lib/python3.10/dist-packages/sklearn/svm/_libsvm_sparse.cpython-310-x86_64-linux-gnu.so
7f0e0e41b000-7f0e0e47c000 r-xp 0000a000 00:51 2597045                    /usr/local/lib/python3.10/dist-packages/sklearn/svm/_libsvm_sparse.cpython-310-x86_64-linux-gnu.so
7f0e0e47c000-7f0e0e489000 r--p 0006b000 00:51 2597045                    /usr/local/lib/python3.10/dist-packages/sklearn/svm/_libsvm_sparse.cpython-310-x86_64-linux-gnu.so
7f0e0e489000-7f0e0e48a000 ---p 00078000 00:51 2597045                    /usr/local/lib/python3.10/dist-packages/sklearn/svm/_libsvm_sparse.cpython-310-x86_64-linux-gnu.so
7f0e0e48a000-7f0e0e48b000 r--p 00078000 00:51 2597045                    /usr/local/lib/python3.10/dist-packages/sklearn/svm/_libsvm_sparse.cpython-310-x86_64-linux-gnu.so
7f0e0e48b000-7f0e0e48d000 rw-p 00079000 00:51 2597045                    /usr/local/lib/python3.10/dist-packages/sklearn/svm/_libsvm_sparse.cpython-310-x86_64-linux-gnu.so
7f0e0e48d000-7f0e0e48f000 rw-p 00000000 00:00 0 
7f0e0e48f000-7f0e0e499000 r--p 00000000 00:51 2597035                    /usr/local/lib/python3.10/dist-packages/sklearn/svm/_libsvm.cpython-310-x86_64-linux-gnu.so
7f0e0e499000-7f0e0e501000 r-xp 0000a000 00:51 2597035                    /usr/local/lib/python3.10/dist-packages/sklearn/svm/_libsvm.cpython-310-x86_64-linux-gnu.so
7f0e0e501000-7f0e0e511000 r--p 00072000 00:51 2597035                    /usr/local/lib/python3.10/dist-packages/sklearn/svm/_libsvm.cpython-310-x86_64-linux-gnu.so
7f0e0e511000-7f0e0e512000 r--p 00081000 00:51 2597035                    /usr/local/lib/python3.10/dist-packages/sklearn/svm/_libsvm.cpython-310-x86_64-linux-gnu.so
7f0e0e512000-7f0e0e514000 rw-p 00082000 00:51 2597035                    /usr/local/lib/python3.10/dist-packages/sklearn/svm/_libsvm.cpython-310-x86_64-linux-gnu.so
7f0e0e514000-7f0e0e516000 rw-p 00000000 00:00 0 
7f0e0e516000-7f0e0e51d000 r--p 00000000 00:51 2597047                    /usr/local/lib/python3.10/dist-packages/sklearn/svm/_liblinear.cpython-310-x86_64-linux-gnu.so
7f0e0e51d000-7f0e0e551000 r-xp 00007000 00:51 2597047                    /usr/local/lib/python3.10/dist-packages/sklearn/svm/_liblinear.cpython-310-x86_64-linux-gnu.so
7f0e0e551000-7f0e0e55a000 r--p 0003b000 00:51 2597047                    /usr/local/lib/python3.10/dist-packages/s